{"name":"Buy dress and send the proof of payment","id":"buy-the-most-expensive-dress;buy-dress-and-send-the-proof-of-payment","testSteps":[{"number":1,"description":"Then send the proof of payment","duration":41078,"startTime":"2019-08-19T20:41:21.360-05:00[America/Bogota]","exception":{"errorType":"net.thucydides.core.webdriver.exceptions.ElementShouldBeEnabledException","message":"Expected enabled element was not enabled","stackTrace":[{"declaringClass":"com.automationpractice.steptostep.tasks.ProcessToSendEmail","methodName":"performAs","fileName":"ProcessToSendEmail.java","lineNumber":20},{"declaringClass":"com.automationpractice.steptostep.stepdefinitions.BuyDressStepDefinition","methodName":"sendTheProofOfPayment","fileName":"BuyDressStepDefinition.java","lineNumber":83},{"declaringClass":"cucumber.runner.Runner","methodName":"runPickle","fileName":"Runner.java","lineNumber":80},{"declaringClass":"org.eclipse.jdt.internal.junit4.runner.JUnit4TestReference","methodName":"run","fileName":"JUnit4TestReference.java","lineNumber":89},{"declaringClass":"org.eclipse.jdt.internal.junit.runner.TestExecution","methodName":"run","fileName":"TestExecution.java","lineNumber":41},{"declaringClass":"org.eclipse.jdt.internal.junit.runner.RemoteTestRunner","methodName":"runTests","fileName":"RemoteTestRunner.java","lineNumber":541},{"declaringClass":"org.eclipse.jdt.internal.junit.runner.RemoteTestRunner","methodName":"runTests","fileName":"RemoteTestRunner.java","lineNumber":763},{"declaringClass":"org.eclipse.jdt.internal.junit.runner.RemoteTestRunner","methodName":"run","fileName":"RemoteTestRunner.java","lineNumber":463},{"declaringClass":"org.eclipse.jdt.internal.junit.runner.RemoteTestRunner","methodName":"main","fileName":"RemoteTestRunner.java","lineNumber":209}],"rootCause":{"errorType":"org.openqa.selenium.TimeoutException","message":"Expected condition failed: waiting for By.xpath: //div[@class\u003d\u0027ms-FocusZone css-41 ms-CommandBar root-136\u0027]//button[@name\u003d\u0027Adjuntar\u0027] to be enabled (tried for 5 second(s) with 100 milliseconds interval)","stackTrace":[{"declaringClass":"com.automationpractice.steptostep.tasks.ProcessToSendEmail","methodName":"performAs","fileName":"ProcessToSendEmail.java","lineNumber":20},{"declaringClass":"com.automationpractice.steptostep.stepdefinitions.BuyDressStepDefinition","methodName":"sendTheProofOfPayment","fileName":"BuyDressStepDefinition.java","lineNumber":83},{"declaringClass":"cucumber.runner.Runner","methodName":"runPickle","fileName":"Runner.java","lineNumber":80},{"declaringClass":"org.eclipse.jdt.internal.junit4.runner.JUnit4TestReference","methodName":"run","fileName":"JUnit4TestReference.java","lineNumber":89},{"declaringClass":"org.eclipse.jdt.internal.junit.runner.TestExecution","methodName":"run","fileName":"TestExecution.java","lineNumber":41},{"declaringClass":"org.eclipse.jdt.internal.junit.runner.RemoteTestRunner","methodName":"runTests","fileName":"RemoteTestRunner.java","lineNumber":541},{"declaringClass":"org.eclipse.jdt.internal.junit.runner.RemoteTestRunner","methodName":"runTests","fileName":"RemoteTestRunner.java","lineNumber":763},{"declaringClass":"org.eclipse.jdt.internal.junit.runner.RemoteTestRunner","methodName":"run","fileName":"RemoteTestRunner.java","lineNumber":463},{"declaringClass":"org.eclipse.jdt.internal.junit.runner.RemoteTestRunner","methodName":"main","fileName":"RemoteTestRunner.java","lineNumber":209}],"rootCause":{"errorType":"org.openqa.selenium.NoSuchElementException","message":"no such element: Unable to locate element: {\"method\":\"xpath\",\"selector\":\"//div[@class\u003d\u0027ms-FocusZone css-41 ms-CommandBar root-136\u0027]//button[@name\u003d\u0027Adjuntar\u0027]\"}\n  (Session info: chrome\u003d76.0.3809.100)\nFor documentation on this error, please visit: http://seleniumhq.org/exceptions/no_such_element.html\nBuild info: version: \u00273.14.0\u0027, revision: \u0027aacccce0\u0027, time: \u00272018-08-02T20:19:58.91Z\u0027\nSystem info: host: \u0027SBMEDLAPMIZJL\u0027, ip: \u0027172.17.200.33\u0027, os.name: \u0027Windows 10\u0027, os.arch: \u0027amd64\u0027, os.version: \u002710.0\u0027, java.version: \u00271.8.0_212\u0027\nDriver info: org.openqa.selenium.remote.RemoteWebDriver\nCapabilities {acceptInsecureCerts: false, browserName: chrome, browserVersion: 76.0.3809.100, chrome: {chromedriverVersion: 76.0.3809.68 (420c9498db8ce..., userDataDir: C:\\Users\\JUANLO~1.SOP\\AppDa...}, goog:chromeOptions: {debuggerAddress: localhost:57761}, javascriptEnabled: true, networkConnectionEnabled: false, pageLoadStrategy: normal, platform: XP, platformName: XP, proxy: Proxy(), setWindowRect: true, strictFileInteractability: false, timeouts: {implicit: 0, pageLoad: 300000, script: 30000}, unhandledPromptBehavior: dismiss and notify}\nSession ID: 0cbf31f0a2c79b0a1dbf34c94ac5c1b7\n*** Element info: {Using\u003dxpath, value\u003d//div[@class\u003d\u0027ms-FocusZone css-41 ms-CommandBar root-136\u0027]//button[@name\u003d\u0027Adjuntar\u0027]}","stackTrace":[{"declaringClass":"com.automationpractice.steptostep.tasks.ProcessToSendEmail","methodName":"performAs","fileName":"ProcessToSendEmail.java","lineNumber":20},{"declaringClass":"com.automationpractice.steptostep.stepdefinitions.BuyDressStepDefinition","methodName":"sendTheProofOfPayment","fileName":"BuyDressStepDefinition.java","lineNumber":83},{"declaringClass":"cucumber.runner.Runner","methodName":"runPickle","fileName":"Runner.java","lineNumber":80},{"declaringClass":"org.eclipse.jdt.internal.junit4.runner.JUnit4TestReference","methodName":"run","fileName":"JUnit4TestReference.java","lineNumber":89},{"declaringClass":"org.eclipse.jdt.internal.junit.runner.TestExecution","methodName":"run","fileName":"TestExecution.java","lineNumber":41},{"declaringClass":"org.eclipse.jdt.internal.junit.runner.RemoteTestRunner","methodName":"runTests","fileName":"RemoteTestRunner.java","lineNumber":541},{"declaringClass":"org.eclipse.jdt.internal.junit.runner.RemoteTestRunner","methodName":"runTests","fileName":"RemoteTestRunner.java","lineNumber":763},{"declaringClass":"org.eclipse.jdt.internal.junit.runner.RemoteTestRunner","methodName":"run","fileName":"RemoteTestRunner.java","lineNumber":463},{"declaringClass":"org.eclipse.jdt.internal.junit.runner.RemoteTestRunner","methodName":"main","fileName":"RemoteTestRunner.java","lineNumber":209}]}}},"result":"FAILURE","precondition":false,"children":[{"number":2,"description":"Esteban opens the Hotmail page","duration":13843,"startTime":"2019-08-19T20:41:21.659-05:00[America/Bogota]","screenshots":[{"screenshot":"315952d3691d0eb87839f08d7785858a175604276ab4123c8a1a0d59173f1d56.png"}],"result":"SUCCESS","precondition":false},{"number":3,"description":"Esteban clicks on Principal button in hotmail page","duration":3299,"startTime":"2019-08-19T20:41:35.647-05:00[America/Bogota]","screenshots":[{"screenshot":"315952d3691d0eb87839f08d7785858a175604276ab4123c8a1a0d59173f1d56.png"},{"screenshot":"2c5e314fc0535e067d7e1648ea5ff979fe466c15e405764a19e484003a10cbe4.png"}],"result":"SUCCESS","precondition":false},{"number":4,"description":"Esteban enters \u0027ju.eslogi97@hotmail.com\u0027 into Input email of hotmail","duration":1830,"startTime":"2019-08-19T20:41:38.972-05:00[America/Bogota]","screenshots":[{"screenshot":"f4cf5023c9e7a0d0d0f0bb9d19589accca06f9905fdf8c76a60693af289ec9ac.png"},{"screenshot":"304e2b7d42fba0f7b2d70f2728895719b763d832995b18cb02a7dc15d7ae1569.png"}],"result":"SUCCESS","precondition":false},{"number":5,"description":"Esteban clicks on Button next on hotmail","duration":1355,"startTime":"2019-08-19T20:41:40.804-05:00[America/Bogota]","screenshots":[{"screenshot":"49a925f46a2c048e4a7be9b705071f39074121f1b56067b11b7a9776932827b4.png"},{"screenshot":"0bb3dd17b7be3abbce63d27c9e8f2c579de18d09b87e1149c1f13c36f4be8dc1.png"}],"result":"SUCCESS","precondition":false},{"number":6,"description":"Esteban enters \u00271037655996j\u0027 into Input password of hotmail","duration":1348,"startTime":"2019-08-19T20:41:42.161-05:00[America/Bogota]","screenshots":[{"screenshot":"5f4eb2cd9d262fa1a7f4eb6ba39caaeab2000c9b3aa14428847a68945fe2e8a2.png"},{"screenshot":"eeacf951de38d4b0c60d909639d64064255deb30a2943601d5115cf840d23d84.png"}],"result":"SUCCESS","precondition":false},{"number":7,"description":"Esteban clicks on Button to sig in","duration":2790,"startTime":"2019-08-19T20:41:43.511-05:00[America/Bogota]","screenshots":[{"screenshot":"732c36dbfa17ca9417de427d3cc64265f05776005041485818a78cff8de00147.png"},{"screenshot":"95a95f001b37ac617bf70c9cd7ee7420bf33aa382a47412fd4924a320bc73b62.png"}],"result":"SUCCESS","precondition":false},{"number":8,"description":"Esteban clicks on Button to send a new message","duration":2486,"startTime":"2019-08-19T20:41:46.305-05:00[America/Bogota]","screenshots":[{"screenshot":"6e01e8a885c8523d6b2a800485b925f17c1847a40523bd5e77771dd8a2aaa99d.png"},{"screenshot":"ca6b2943a08225feb377599115e103a38236b8c47e14f699d07171b9c371aad7.png"}],"result":"SUCCESS","precondition":false},{"number":9,"description":"Esteban enters \u0027ju.eslogi10@hotmail.com\u0027 into The person who is going to receive the email","duration":4723,"startTime":"2019-08-19T20:41:48.793-05:00[America/Bogota]","screenshots":[{"screenshot":"e8629b6b983b88c77aaa136e346f8224907b992ea83227003e6b90226f35fd60.png"},{"screenshot":"9666064c441cbe17cd10b9744cefee871b765c79b455c65fc7d34b1c941d7f1f.png"}],"result":"SUCCESS","precondition":false},{"number":10,"description":"Esteban enters \u0027PRUEBA\u0027 into The subject of email","duration":1403,"startTime":"2019-08-19T20:41:53.517-05:00[America/Bogota]","screenshots":[{"screenshot":"77c152f7c581a470be286702ae4fd9ae2341d6c5c799a0dcaaed4ef799eba15d.png"},{"screenshot":"4f9ea14a436333730ab2edd3b38c5d1393065effc822e35c3add03bd0bb43d88.png"}],"result":"SUCCESS","precondition":false},{"number":11,"description":"Esteban clicks on Button to add some files","duration":7512,"startTime":"2019-08-19T20:41:54.921-05:00[America/Bogota]","screenshots":[{"screenshot":"1e5e9f099196d38741410aaaf703a4ab1d8824d6c1c343e5a475b79fdf7f6293.png"},{"screenshot":"4f9ea14a436333730ab2edd3b38c5d1393065effc822e35c3add03bd0bb43d88.png","htmlSource":"pagesource4705078465802739256.html.txt"}],"exception":{"errorType":"net.thucydides.core.webdriver.exceptions.ElementShouldBeEnabledException","message":"Expected enabled element was not enabled","stackTrace":[{"declaringClass":"com.automationpractice.steptostep.tasks.ProcessToSendEmail","methodName":"performAs","fileName":"ProcessToSendEmail.java","lineNumber":20},{"declaringClass":"com.automationpractice.steptostep.stepdefinitions.BuyDressStepDefinition","methodName":"sendTheProofOfPayment","fileName":"BuyDressStepDefinition.java","lineNumber":83},{"declaringClass":"cucumber.runner.Runner","methodName":"runPickle","fileName":"Runner.java","lineNumber":80},{"declaringClass":"org.eclipse.jdt.internal.junit4.runner.JUnit4TestReference","methodName":"run","fileName":"JUnit4TestReference.java","lineNumber":89},{"declaringClass":"org.eclipse.jdt.internal.junit.runner.TestExecution","methodName":"run","fileName":"TestExecution.java","lineNumber":41},{"declaringClass":"org.eclipse.jdt.internal.junit.runner.RemoteTestRunner","methodName":"runTests","fileName":"RemoteTestRunner.java","lineNumber":541},{"declaringClass":"org.eclipse.jdt.internal.junit.runner.RemoteTestRunner","methodName":"runTests","fileName":"RemoteTestRunner.java","lineNumber":763},{"declaringClass":"org.eclipse.jdt.internal.junit.runner.RemoteTestRunner","methodName":"run","fileName":"RemoteTestRunner.java","lineNumber":463},{"declaringClass":"org.eclipse.jdt.internal.junit.runner.RemoteTestRunner","methodName":"main","fileName":"RemoteTestRunner.java","lineNumber":209}],"rootCause":{"errorType":"org.openqa.selenium.TimeoutException","message":"Expected condition failed: waiting for By.xpath: //div[@class\u003d\u0027ms-FocusZone css-41 ms-CommandBar root-136\u0027]//button[@name\u003d\u0027Adjuntar\u0027] to be enabled (tried for 5 second(s) with 100 milliseconds interval)","stackTrace":[{"declaringClass":"com.automationpractice.steptostep.tasks.ProcessToSendEmail","methodName":"performAs","fileName":"ProcessToSendEmail.java","lineNumber":20},{"declaringClass":"com.automationpractice.steptostep.stepdefinitions.BuyDressStepDefinition","methodName":"sendTheProofOfPayment","fileName":"BuyDressStepDefinition.java","lineNumber":83},{"declaringClass":"cucumber.runner.Runner","methodName":"runPickle","fileName":"Runner.java","lineNumber":80},{"declaringClass":"org.eclipse.jdt.internal.junit4.runner.JUnit4TestReference","methodName":"run","fileName":"JUnit4TestReference.java","lineNumber":89},{"declaringClass":"org.eclipse.jdt.internal.junit.runner.TestExecution","methodName":"run","fileName":"TestExecution.java","lineNumber":41},{"declaringClass":"org.eclipse.jdt.internal.junit.runner.RemoteTestRunner","methodName":"runTests","fileName":"RemoteTestRunner.java","lineNumber":541},{"declaringClass":"org.eclipse.jdt.internal.junit.runner.RemoteTestRunner","methodName":"runTests","fileName":"RemoteTestRunner.java","lineNumber":763},{"declaringClass":"org.eclipse.jdt.internal.junit.runner.RemoteTestRunner","methodName":"run","fileName":"RemoteTestRunner.java","lineNumber":463},{"declaringClass":"org.eclipse.jdt.internal.junit.runner.RemoteTestRunner","methodName":"main","fileName":"RemoteTestRunner.java","lineNumber":209}],"rootCause":{"errorType":"org.openqa.selenium.NoSuchElementException","message":"no such element: Unable to locate element: {\"method\":\"xpath\",\"selector\":\"//div[@class\u003d\u0027ms-FocusZone css-41 ms-CommandBar root-136\u0027]//button[@name\u003d\u0027Adjuntar\u0027]\"}\n  (Session info: chrome\u003d76.0.3809.100)\nFor documentation on this error, please visit: http://seleniumhq.org/exceptions/no_such_element.html\nBuild info: version: \u00273.14.0\u0027, revision: \u0027aacccce0\u0027, time: \u00272018-08-02T20:19:58.91Z\u0027\nSystem info: host: \u0027SBMEDLAPMIZJL\u0027, ip: \u0027172.17.200.33\u0027, os.name: \u0027Windows 10\u0027, os.arch: \u0027amd64\u0027, os.version: \u002710.0\u0027, java.version: \u00271.8.0_212\u0027\nDriver info: org.openqa.selenium.remote.RemoteWebDriver\nCapabilities {acceptInsecureCerts: false, browserName: chrome, browserVersion: 76.0.3809.100, chrome: {chromedriverVersion: 76.0.3809.68 (420c9498db8ce..., userDataDir: C:\\Users\\JUANLO~1.SOP\\AppDa...}, goog:chromeOptions: {debuggerAddress: localhost:57761}, javascriptEnabled: true, networkConnectionEnabled: false, pageLoadStrategy: normal, platform: XP, platformName: XP, proxy: Proxy(), setWindowRect: true, strictFileInteractability: false, timeouts: {implicit: 0, pageLoad: 300000, script: 30000}, unhandledPromptBehavior: dismiss and notify}\nSession ID: 0cbf31f0a2c79b0a1dbf34c94ac5c1b7\n*** Element info: {Using\u003dxpath, value\u003d//div[@class\u003d\u0027ms-FocusZone css-41 ms-CommandBar root-136\u0027]//button[@name\u003d\u0027Adjuntar\u0027]}","stackTrace":[{"declaringClass":"com.automationpractice.steptostep.tasks.ProcessToSendEmail","methodName":"performAs","fileName":"ProcessToSendEmail.java","lineNumber":20},{"declaringClass":"com.automationpractice.steptostep.stepdefinitions.BuyDressStepDefinition","methodName":"sendTheProofOfPayment","fileName":"BuyDressStepDefinition.java","lineNumber":83},{"declaringClass":"cucumber.runner.Runner","methodName":"runPickle","fileName":"Runner.java","lineNumber":80},{"declaringClass":"org.eclipse.jdt.internal.junit4.runner.JUnit4TestReference","methodName":"run","fileName":"JUnit4TestReference.java","lineNumber":89},{"declaringClass":"org.eclipse.jdt.internal.junit.runner.TestExecution","methodName":"run","fileName":"TestExecution.java","lineNumber":41},{"declaringClass":"org.eclipse.jdt.internal.junit.runner.RemoteTestRunner","methodName":"runTests","fileName":"RemoteTestRunner.java","lineNumber":541},{"declaringClass":"org.eclipse.jdt.internal.junit.runner.RemoteTestRunner","methodName":"runTests","fileName":"RemoteTestRunner.java","lineNumber":763},{"declaringClass":"org.eclipse.jdt.internal.junit.runner.RemoteTestRunner","methodName":"run","fileName":"RemoteTestRunner.java","lineNumber":463},{"declaringClass":"org.eclipse.jdt.internal.junit.runner.RemoteTestRunner","methodName":"main","fileName":"RemoteTestRunner.java","lineNumber":209}]}}},"result":"FAILURE","precondition":false}]},{"number":12,"description":"Perform as: Esteban","duration":4,"startTime":"2019-08-19T20:42:02.439-05:00[America/Bogota]","exception":{"errorType":"net.thucydides.core.webdriver.exceptions.ElementShouldBeEnabledException","message":"Expected enabled element was not enabled","stackTrace":[{"declaringClass":"com.automationpractice.steptostep.tasks.ProcessToSendEmail","methodName":"performAs","fileName":"ProcessToSendEmail.java","lineNumber":20},{"declaringClass":"com.automationpractice.steptostep.stepdefinitions.BuyDressStepDefinition","methodName":"sendTheProofOfPayment","fileName":"BuyDressStepDefinition.java","lineNumber":83},{"declaringClass":"cucumber.runner.Runner","methodName":"runPickle","fileName":"Runner.java","lineNumber":80},{"declaringClass":"org.eclipse.jdt.internal.junit4.runner.JUnit4TestReference","methodName":"run","fileName":"JUnit4TestReference.java","lineNumber":89},{"declaringClass":"org.eclipse.jdt.internal.junit.runner.TestExecution","methodName":"run","fileName":"TestExecution.java","lineNumber":41},{"declaringClass":"org.eclipse.jdt.internal.junit.runner.RemoteTestRunner","methodName":"runTests","fileName":"RemoteTestRunner.java","lineNumber":541},{"declaringClass":"org.eclipse.jdt.internal.junit.runner.RemoteTestRunner","methodName":"runTests","fileName":"RemoteTestRunner.java","lineNumber":763},{"declaringClass":"org.eclipse.jdt.internal.junit.runner.RemoteTestRunner","methodName":"run","fileName":"RemoteTestRunner.java","lineNumber":463},{"declaringClass":"org.eclipse.jdt.internal.junit.runner.RemoteTestRunner","methodName":"main","fileName":"RemoteTestRunner.java","lineNumber":209}],"rootCause":{"errorType":"org.openqa.selenium.TimeoutException","message":"Expected condition failed: waiting for By.xpath: //div[@class\u003d\u0027ms-FocusZone css-41 ms-CommandBar root-136\u0027]//button[@name\u003d\u0027Adjuntar\u0027] to be enabled (tried for 5 second(s) with 100 milliseconds interval)","stackTrace":[{"declaringClass":"com.automationpractice.steptostep.tasks.ProcessToSendEmail","methodName":"performAs","fileName":"ProcessToSendEmail.java","lineNumber":20},{"declaringClass":"com.automationpractice.steptostep.stepdefinitions.BuyDressStepDefinition","methodName":"sendTheProofOfPayment","fileName":"BuyDressStepDefinition.java","lineNumber":83},{"declaringClass":"cucumber.runner.Runner","methodName":"runPickle","fileName":"Runner.java","lineNumber":80},{"declaringClass":"org.eclipse.jdt.internal.junit4.runner.JUnit4TestReference","methodName":"run","fileName":"JUnit4TestReference.java","lineNumber":89},{"declaringClass":"org.eclipse.jdt.internal.junit.runner.TestExecution","methodName":"run","fileName":"TestExecution.java","lineNumber":41},{"declaringClass":"org.eclipse.jdt.internal.junit.runner.RemoteTestRunner","methodName":"runTests","fileName":"RemoteTestRunner.java","lineNumber":541},{"declaringClass":"org.eclipse.jdt.internal.junit.runner.RemoteTestRunner","methodName":"runTests","fileName":"RemoteTestRunner.java","lineNumber":763},{"declaringClass":"org.eclipse.jdt.internal.junit.runner.RemoteTestRunner","methodName":"run","fileName":"RemoteTestRunner.java","lineNumber":463},{"declaringClass":"org.eclipse.jdt.internal.junit.runner.RemoteTestRunner","methodName":"main","fileName":"RemoteTestRunner.java","lineNumber":209}],"rootCause":{"errorType":"org.openqa.selenium.NoSuchElementException","message":"no such element: Unable to locate element: {\"method\":\"xpath\",\"selector\":\"//div[@class\u003d\u0027ms-FocusZone css-41 ms-CommandBar root-136\u0027]//button[@name\u003d\u0027Adjuntar\u0027]\"}\n  (Session info: chrome\u003d76.0.3809.100)\nFor documentation on this error, please visit: http://seleniumhq.org/exceptions/no_such_element.html\nBuild info: version: \u00273.14.0\u0027, revision: \u0027aacccce0\u0027, time: \u00272018-08-02T20:19:58.91Z\u0027\nSystem info: host: \u0027SBMEDLAPMIZJL\u0027, ip: \u0027172.17.200.33\u0027, os.name: \u0027Windows 10\u0027, os.arch: \u0027amd64\u0027, os.version: \u002710.0\u0027, java.version: \u00271.8.0_212\u0027\nDriver info: org.openqa.selenium.remote.RemoteWebDriver\nCapabilities {acceptInsecureCerts: false, browserName: chrome, browserVersion: 76.0.3809.100, chrome: {chromedriverVersion: 76.0.3809.68 (420c9498db8ce..., userDataDir: C:\\Users\\JUANLO~1.SOP\\AppDa...}, goog:chromeOptions: {debuggerAddress: localhost:57761}, javascriptEnabled: true, networkConnectionEnabled: false, pageLoadStrategy: normal, platform: XP, platformName: XP, proxy: Proxy(), setWindowRect: true, strictFileInteractability: false, timeouts: {implicit: 0, pageLoad: 300000, script: 30000}, unhandledPromptBehavior: dismiss and notify}\nSession ID: 0cbf31f0a2c79b0a1dbf34c94ac5c1b7\n*** Element info: {Using\u003dxpath, value\u003d//div[@class\u003d\u0027ms-FocusZone css-41 ms-CommandBar root-136\u0027]//button[@name\u003d\u0027Adjuntar\u0027]}","stackTrace":[{"declaringClass":"com.automationpractice.steptostep.tasks.ProcessToSendEmail","methodName":"performAs","fileName":"ProcessToSendEmail.java","lineNumber":20},{"declaringClass":"com.automationpractice.steptostep.stepdefinitions.BuyDressStepDefinition","methodName":"sendTheProofOfPayment","fileName":"BuyDressStepDefinition.java","lineNumber":83},{"declaringClass":"cucumber.runner.Runner","methodName":"runPickle","fileName":"Runner.java","lineNumber":80},{"declaringClass":"org.eclipse.jdt.internal.junit4.runner.JUnit4TestReference","methodName":"run","fileName":"JUnit4TestReference.java","lineNumber":89},{"declaringClass":"org.eclipse.jdt.internal.junit.runner.TestExecution","methodName":"run","fileName":"TestExecution.java","lineNumber":41},{"declaringClass":"org.eclipse.jdt.internal.junit.runner.RemoteTestRunner","methodName":"runTests","fileName":"RemoteTestRunner.java","lineNumber":541},{"declaringClass":"org.eclipse.jdt.internal.junit.runner.RemoteTestRunner","methodName":"runTests","fileName":"RemoteTestRunner.java","lineNumber":763},{"declaringClass":"org.eclipse.jdt.internal.junit.runner.RemoteTestRunner","methodName":"run","fileName":"RemoteTestRunner.java","lineNumber":463},{"declaringClass":"org.eclipse.jdt.internal.junit.runner.RemoteTestRunner","methodName":"main","fileName":"RemoteTestRunner.java","lineNumber":209}]}}},"result":"FAILURE","precondition":false}],"userStory":{"id":"buy-the-most-expensive-dress","storyName":"buy the most expensive dress","path":"src/test/resources/features/automation_practice.feature","narrative":"  As a registered user, I want to buy the most expensive dress","type":"feature"},"featureTag":{"name":"Features/buy the most expensive dress","type":"feature"},"title":"Buy dress and send the proof of payment","backgroundTitle":"Esteban log in automationPractice page and make the puchase","backgroundDescription":"","tags":[{"name":"Buy the most expensive dress","type":"feature"},{"name":"BuyDress","type":"tag"},{"name":"LoggeoAndBuyDress","type":"tag"}],"startTime":"2019-08-19T20:41:20.784-05:00[America/Bogota]","duration":41887,"testFailureCause":{"errorType":"net.thucydides.core.webdriver.exceptions.ElementShouldBeEnabledException","message":"Expected enabled element was not enabled","stackTrace":[{"declaringClass":"com.automationpractice.steptostep.tasks.ProcessToSendEmail","methodName":"performAs","fileName":"ProcessToSendEmail.java","lineNumber":20},{"declaringClass":"com.automationpractice.steptostep.stepdefinitions.BuyDressStepDefinition","methodName":"sendTheProofOfPayment","fileName":"BuyDressStepDefinition.java","lineNumber":83},{"declaringClass":"cucumber.runner.Runner","methodName":"runPickle","fileName":"Runner.java","lineNumber":80},{"declaringClass":"org.eclipse.jdt.internal.junit4.runner.JUnit4TestReference","methodName":"run","fileName":"JUnit4TestReference.java","lineNumber":89},{"declaringClass":"org.eclipse.jdt.internal.junit.runner.TestExecution","methodName":"run","fileName":"TestExecution.java","lineNumber":41},{"declaringClass":"org.eclipse.jdt.internal.junit.runner.RemoteTestRunner","methodName":"runTests","fileName":"RemoteTestRunner.java","lineNumber":541},{"declaringClass":"org.eclipse.jdt.internal.junit.runner.RemoteTestRunner","methodName":"runTests","fileName":"RemoteTestRunner.java","lineNumber":763},{"declaringClass":"org.eclipse.jdt.internal.junit.runner.RemoteTestRunner","methodName":"run","fileName":"RemoteTestRunner.java","lineNumber":463},{"declaringClass":"org.eclipse.jdt.internal.junit.runner.RemoteTestRunner","methodName":"main","fileName":"RemoteTestRunner.java","lineNumber":209}],"rootCause":{"errorType":"org.openqa.selenium.TimeoutException","message":"Expected condition failed: waiting for By.xpath: //div[@class\u003d\u0027ms-FocusZone css-41 ms-CommandBar root-136\u0027]//button[@name\u003d\u0027Adjuntar\u0027] to be enabled (tried for 5 second(s) with 100 milliseconds interval)","stackTrace":[{"declaringClass":"com.automationpractice.steptostep.tasks.ProcessToSendEmail","methodName":"performAs","fileName":"ProcessToSendEmail.java","lineNumber":20},{"declaringClass":"com.automationpractice.steptostep.stepdefinitions.BuyDressStepDefinition","methodName":"sendTheProofOfPayment","fileName":"BuyDressStepDefinition.java","lineNumber":83},{"declaringClass":"cucumber.runner.Runner","methodName":"runPickle","fileName":"Runner.java","lineNumber":80},{"declaringClass":"org.eclipse.jdt.internal.junit4.runner.JUnit4TestReference","methodName":"run","fileName":"JUnit4TestReference.java","lineNumber":89},{"declaringClass":"org.eclipse.jdt.internal.junit.runner.TestExecution","methodName":"run","fileName":"TestExecution.java","lineNumber":41},{"declaringClass":"org.eclipse.jdt.internal.junit.runner.RemoteTestRunner","methodName":"runTests","fileName":"RemoteTestRunner.java","lineNumber":541},{"declaringClass":"org.eclipse.jdt.internal.junit.runner.RemoteTestRunner","methodName":"runTests","fileName":"RemoteTestRunner.java","lineNumber":763},{"declaringClass":"org.eclipse.jdt.internal.junit.runner.RemoteTestRunner","methodName":"run","fileName":"RemoteTestRunner.java","lineNumber":463},{"declaringClass":"org.eclipse.jdt.internal.junit.runner.RemoteTestRunner","methodName":"main","fileName":"RemoteTestRunner.java","lineNumber":209}],"rootCause":{"errorType":"org.openqa.selenium.NoSuchElementException","message":"no such element: Unable to locate element: {\"method\":\"xpath\",\"selector\":\"//div[@class\u003d\u0027ms-FocusZone css-41 ms-CommandBar root-136\u0027]//button[@name\u003d\u0027Adjuntar\u0027]\"}\n  (Session info: chrome\u003d76.0.3809.100)\nFor documentation on this error, please visit: http://seleniumhq.org/exceptions/no_such_element.html\nBuild info: version: \u00273.14.0\u0027, revision: \u0027aacccce0\u0027, time: \u00272018-08-02T20:19:58.91Z\u0027\nSystem info: host: \u0027SBMEDLAPMIZJL\u0027, ip: \u0027172.17.200.33\u0027, os.name: \u0027Windows 10\u0027, os.arch: \u0027amd64\u0027, os.version: \u002710.0\u0027, java.version: \u00271.8.0_212\u0027\nDriver info: org.openqa.selenium.remote.RemoteWebDriver\nCapabilities {acceptInsecureCerts: false, browserName: chrome, browserVersion: 76.0.3809.100, chrome: {chromedriverVersion: 76.0.3809.68 (420c9498db8ce..., userDataDir: C:\\Users\\JUANLO~1.SOP\\AppDa...}, goog:chromeOptions: {debuggerAddress: localhost:57761}, javascriptEnabled: true, networkConnectionEnabled: false, pageLoadStrategy: normal, platform: XP, platformName: XP, proxy: Proxy(), setWindowRect: true, strictFileInteractability: false, timeouts: {implicit: 0, pageLoad: 300000, script: 30000}, unhandledPromptBehavior: dismiss and notify}\nSession ID: 0cbf31f0a2c79b0a1dbf34c94ac5c1b7\n*** Element info: {Using\u003dxpath, value\u003d//div[@class\u003d\u0027ms-FocusZone css-41 ms-CommandBar root-136\u0027]//button[@name\u003d\u0027Adjuntar\u0027]}","stackTrace":[{"declaringClass":"com.automationpractice.steptostep.tasks.ProcessToSendEmail","methodName":"performAs","fileName":"ProcessToSendEmail.java","lineNumber":20},{"declaringClass":"com.automationpractice.steptostep.stepdefinitions.BuyDressStepDefinition","methodName":"sendTheProofOfPayment","fileName":"BuyDressStepDefinition.java","lineNumber":83},{"declaringClass":"cucumber.runner.Runner","methodName":"runPickle","fileName":"Runner.java","lineNumber":80},{"declaringClass":"org.eclipse.jdt.internal.junit4.runner.JUnit4TestReference","methodName":"run","fileName":"JUnit4TestReference.java","lineNumber":89},{"declaringClass":"org.eclipse.jdt.internal.junit.runner.TestExecution","methodName":"run","fileName":"TestExecution.java","lineNumber":41},{"declaringClass":"org.eclipse.jdt.internal.junit.runner.RemoteTestRunner","methodName":"runTests","fileName":"RemoteTestRunner.java","lineNumber":541},{"declaringClass":"org.eclipse.jdt.internal.junit.runner.RemoteTestRunner","methodName":"runTests","fileName":"RemoteTestRunner.java","lineNumber":763},{"declaringClass":"org.eclipse.jdt.internal.junit.runner.RemoteTestRunner","methodName":"run","fileName":"RemoteTestRunner.java","lineNumber":463},{"declaringClass":"org.eclipse.jdt.internal.junit.runner.RemoteTestRunner","methodName":"main","fileName":"RemoteTestRunner.java","lineNumber":209}]}}},"testFailureClassname":"net.thucydides.core.webdriver.exceptions.ElementShouldBeEnabledException","testFailureMessage":"Expected enabled element was not enabled","testFailureSummary":"FAILURE;net.thucydides.core.webdriver.exceptions.ElementShouldBeEnabledException;Expected enabled element was not enabled;ProcessToSendEmail.java","projectKey":"","annotatedResult":"FAILURE","sessionId":"0cbf31f0a2c79b0a1dbf34c94ac5c1b7","driver":"chrome","manual":false,"testSource":"Cucumber","result":"FAILURE"}